<?xml version="1.0" encoding="UTF-8"?>
<!-- Generated by org.testng.reporters.JUnitReportReporter -->
<testsuite hostname="SUNDEEPs-MacBook-Pro-3.local" failures="0" tests="1" name="cucumberOptions.TestRunner" time="22.158" errors="0" timestamp="5 Nov 2019 13:41:44 GMT">
  <testcase classname="cucumberOptions.TestRunner" name="feature" time="22.158"/>
</testsuite> <!-- cucumberOptions.TestRunner -->
